[0.342s] Invoking command in '/root/ros_ws/src/build/grasp_inference_pkg': PYTHONPATH=/root/ros_ws/src/build/grasp_inference_pkg/prefix_override:/usr/lib/python3/dist-packages/colcon_core/task/python/colcon_distutils_commands:/root/ros_ws/src/install/grasp_inference_pkg/lib/python3.10/site-packages:${PYTHONPATH} /usr/bin/python3 -W ignore:setup.py install is deprecated -W ignore:easy_install command is deprecated setup.py develop --editable --build-directory /root/ros_ws/src/build/grasp_inference_pkg/build --no-deps symlink_data
[0.496s] running develop
[0.571s] running egg_info
[0.571s] writing grasp_inference_pkg.egg-info/PKG-INFO
[0.571s] writing dependency_links to grasp_inference_pkg.egg-info/dependency_links.txt
[0.571s] writing entry points to grasp_inference_pkg.egg-info/entry_points.txt
[0.572s] writing requirements to grasp_inference_pkg.egg-info/requires.txt
[0.572s] writing top-level names to grasp_inference_pkg.egg-info/top_level.txt
[0.573s] reading manifest file 'grasp_inference_pkg.egg-info/SOURCES.txt'
[0.573s] writing manifest file 'grasp_inference_pkg.egg-info/SOURCES.txt'
[0.574s] running build_ext
[0.574s] Creating /root/ros_ws/src/install/grasp_inference_pkg/lib/python3.10/site-packages/grasp-inference-pkg.egg-link (link to .)
[0.575s] Installing camera_calibration script to /root/ros_ws/src/install/grasp_inference_pkg/lib/grasp_inference_pkg
[0.575s] Installing grasp_node script to /root/ros_ws/src/install/grasp_inference_pkg/lib/grasp_inference_pkg
[0.575s] Installing gripper_exec script to /root/ros_ws/src/install/grasp_inference_pkg/lib/grasp_inference_pkg
[0.575s] Installing model_forward script to /root/ros_ws/src/install/grasp_inference_pkg/lib/grasp_inference_pkg
[0.575s] 
[0.575s] Installed /root/ros_ws/src/build/grasp_inference_pkg
[0.575s] running symlink_data
[0.591s] Invoked command in '/root/ros_ws/src/build/grasp_inference_pkg' returned '0': PYTHONPATH=/root/ros_ws/src/build/grasp_inference_pkg/prefix_override:/usr/lib/python3/dist-packages/colcon_core/task/python/colcon_distutils_commands:/root/ros_ws/src/install/grasp_inference_pkg/lib/python3.10/site-packages:${PYTHONPATH} /usr/bin/python3 -W ignore:setup.py install is deprecated -W ignore:easy_install command is deprecated setup.py develop --editable --build-directory /root/ros_ws/src/build/grasp_inference_pkg/build --no-deps symlink_data
