running develop
running egg_info
creating grasp_inference_pkg.egg-info
writing grasp_inference_pkg.egg-info/PKG-INFO
writing dependency_links to grasp_inference_pkg.egg-info/dependency_links.txt
writing entry points to grasp_inference_pkg.egg-info/entry_points.txt
writing requirements to grasp_inference_pkg.egg-info/requires.txt
writing top-level names to grasp_inference_pkg.egg-info/top_level.txt
writing manifest file 'grasp_inference_pkg.egg-info/SOURCES.txt'
reading manifest file 'grasp_inference_pkg.egg-info/SOURCES.txt'
writing manifest file 'grasp_inference_pkg.egg-info/SOURCES.txt'
running build_ext
Creating /root/ros_ws/src/install/grasp_inference_pkg/lib/python3.10/site-packages/grasp-inference-pkg.egg-link (link to .)
Installing camera_calibration script to /root/ros_ws/src/install/grasp_inference_pkg/lib/grasp_inference_pkg
Installing grasp_node script to /root/ros_ws/src/install/grasp_inference_pkg/lib/grasp_inference_pkg
Installing gripper_exec script to /root/ros_ws/src/install/grasp_inference_pkg/lib/grasp_inference_pkg
Installing model_forward script to /root/ros_ws/src/install/grasp_inference_pkg/lib/grasp_inference_pkg

Installed /root/ros_ws/src/build/grasp_inference_pkg
running symlink_data
creating /root/ros_ws/src/install/grasp_inference_pkg/share/ament_index
creating /root/ros_ws/src/install/grasp_inference_pkg/share/ament_index/resource_index
creating /root/ros_ws/src/install/grasp_inference_pkg/share/ament_index/resource_index/packages
symbolically linking /root/ros_ws/src/build/grasp_inference_pkg/resource/grasp_inference_pkg -> /root/ros_ws/src/install/grasp_inference_pkg/share/ament_index/resource_index/packages
symbolically linking /root/ros_ws/src/build/grasp_inference_pkg/package.xml -> /root/ros_ws/src/install/grasp_inference_pkg/share/grasp_inference_pkg
creating /root/ros_ws/src/install/grasp_inference_pkg/share/grasp_inference_pkg/models
symbolically linking /root/ros_ws/src/build/grasp_inference_pkg/models/model_5700.pth -> /root/ros_ws/src/install/grasp_inference_pkg/share/grasp_inference_pkg/models
creating /root/ros_ws/src/install/grasp_inference_pkg/share/grasp_inference_pkg/launch
symbolically linking /root/ros_ws/src/build/grasp_inference_pkg/launch/grasp_inference.launch.py -> /root/ros_ws/src/install/grasp_inference_pkg/share/grasp_inference_pkg/launch
