[0.332s] Invoking command in '/root/ros_ws/src/build/grasp_inference_pkg': PYTHONPATH=/root/ros_ws/src/build/grasp_inference_pkg/prefix_override:/usr/lib/python3/dist-packages/colcon_core/task/python/colcon_distutils_commands:/root/ros_ws/src/install/grasp_inference_pkg/lib/python3.10/site-packages:${PYTHONPATH} /usr/bin/python3 -W ignore:setup.py install is deprecated -W ignore:easy_install command is deprecated setup.py develop --editable --build-directory /root/ros_ws/src/build/grasp_inference_pkg/build --no-deps symlink_data
[0.475s] running develop
[0.545s] running egg_info
[0.545s] creating grasp_inference_pkg.egg-info
[0.545s] writing grasp_inference_pkg.egg-info/PKG-INFO
[0.545s] writing dependency_links to grasp_inference_pkg.egg-info/dependency_links.txt
[0.545s] writing entry points to grasp_inference_pkg.egg-info/entry_points.txt
[0.545s] writing requirements to grasp_inference_pkg.egg-info/requires.txt
[0.545s] writing top-level names to grasp_inference_pkg.egg-info/top_level.txt
[0.545s] writing manifest file 'grasp_inference_pkg.egg-info/SOURCES.txt'
[0.546s] reading manifest file 'grasp_inference_pkg.egg-info/SOURCES.txt'
[0.547s] writing manifest file 'grasp_inference_pkg.egg-info/SOURCES.txt'
[0.548s] running build_ext
[0.548s] Creating /root/ros_ws/src/install/grasp_inference_pkg/lib/python3.10/site-packages/grasp-inference-pkg.egg-link (link to .)
[0.548s] Installing camera_calibration script to /root/ros_ws/src/install/grasp_inference_pkg/lib/grasp_inference_pkg
[0.548s] Installing grasp_node script to /root/ros_ws/src/install/grasp_inference_pkg/lib/grasp_inference_pkg
[0.549s] Installing gripper_exec script to /root/ros_ws/src/install/grasp_inference_pkg/lib/grasp_inference_pkg
[0.549s] Installing model_forward script to /root/ros_ws/src/install/grasp_inference_pkg/lib/grasp_inference_pkg
[0.549s] 
[0.549s] Installed /root/ros_ws/src/build/grasp_inference_pkg
[0.549s] running symlink_data
[0.549s] creating /root/ros_ws/src/install/grasp_inference_pkg/share/ament_index
[0.549s] creating /root/ros_ws/src/install/grasp_inference_pkg/share/ament_index/resource_index
[0.549s] creating /root/ros_ws/src/install/grasp_inference_pkg/share/ament_index/resource_index/packages
[0.549s] symbolically linking /root/ros_ws/src/build/grasp_inference_pkg/resource/grasp_inference_pkg -> /root/ros_ws/src/install/grasp_inference_pkg/share/ament_index/resource_index/packages
[0.549s] symbolically linking /root/ros_ws/src/build/grasp_inference_pkg/package.xml -> /root/ros_ws/src/install/grasp_inference_pkg/share/grasp_inference_pkg
[0.549s] creating /root/ros_ws/src/install/grasp_inference_pkg/share/grasp_inference_pkg/models
[0.549s] symbolically linking /root/ros_ws/src/build/grasp_inference_pkg/models/model_5700.pth -> /root/ros_ws/src/install/grasp_inference_pkg/share/grasp_inference_pkg/models
[0.549s] creating /root/ros_ws/src/install/grasp_inference_pkg/share/grasp_inference_pkg/launch
[0.549s] symbolically linking /root/ros_ws/src/build/grasp_inference_pkg/launch/grasp_inference.launch.py -> /root/ros_ws/src/install/grasp_inference_pkg/share/grasp_inference_pkg/launch
[0.566s] Invoked command in '/root/ros_ws/src/build/grasp_inference_pkg' returned '0': PYTHONPATH=/root/ros_ws/src/build/grasp_inference_pkg/prefix_override:/usr/lib/python3/dist-packages/colcon_core/task/python/colcon_distutils_commands:/root/ros_ws/src/install/grasp_inference_pkg/lib/python3.10/site-packages:${PYTHONPATH} /usr/bin/python3 -W ignore:setup.py install is deprecated -W ignore:easy_install command is deprecated setup.py develop --editable --build-directory /root/ros_ws/src/build/grasp_inference_pkg/build --no-deps symlink_data
